Thu Nov 23 2017 12:36:34 GMT-0600 (Central Standard Time (Mexico)): /about
Thu Nov 23 2017 12:36:37 GMT-0600 (Central Standard Time (Mexico)): /
Thu Nov 23 2017 12:37:34 GMT-0600 (Central Standard Time (Mexico)): GET /
Thu Nov 23 2017 12:38:33 GMT-0600 (Central Standard Time (Mexico)): GET /
Thu Nov 23 2017 12:38:45 GMT-0600 (Central Standard Time (Mexico)): GET /about
Thu Nov 23 2017 12:42:39 GMT-0600 (Central Standard Time (Mexico)): GET /maintenance
Thu Nov 23 2017 12:45:14 GMT-0600 (Central Standard Time (Mexico)): GET /maintenance
Thu Nov 23 2017 12:45:37 GMT-0600 (Central Standard Time (Mexico)): GET /maintenance
Thu Nov 23 2017 12:45:39 GMT-0600 (Central Standard Time (Mexico)): GET /
Thu Nov 23 2017 12:46:05 GMT-0600 (Central Standard Time (Mexico)): GET /
Thu Nov 23 2017 12:46:19 GMT-0600 (Central Standard Time (Mexico)): GET /
Thu Nov 23 2017 12:47:27 GMT-0600 (Central Standard Time (Mexico)): GET /
Thu Nov 23 2017 12:47:29 GMT-0600 (Central Standard Time (Mexico)): GET /
Thu Nov 23 2017 12:47:30 GMT-0600 (Central Standard Time (Mexico)): GET /
Thu Nov 23 2017 12:47:31 GMT-0600 (Central Standard Time (Mexico)): GET /about
Thu Nov 23 2017 12:50:54 GMT-0600 (Central Standard Time (Mexico)): GET /help.html
Thu Nov 23 2017 12:52:56 GMT-0600 (Central Standard Time (Mexico)): GET /help.html
Thu Nov 23 2017 12:52:58 GMT-0600 (Central Standard Time (Mexico)): GET /
Thu Nov 23 2017 12:55:15 GMT-0600 (Central Standard Time (Mexico)): GET /
Thu Nov 23 2017 12:55:16 GMT-0600 (Central Standard Time (Mexico)): GET /
Thu Nov 23 2017 12:55:46 GMT-0600 (Central Standard Time (Mexico)): GET /
Thu Dec 28 2017 10:05:01 GMT-0600 (Central Standard Time (Mexico)): GET /
Thu Dec 28 2017 10:05:01 GMT-0600 (Central Standard Time (Mexico)): GET /favicon.ico
Thu Dec 28 2017 10:05:03 GMT-0600 (Central Standard Time (Mexico)): GET /about
Thu Dec 28 2017 10:05:03 GMT-0600 (Central Standard Time (Mexico)): GET /favicon.ico
Thu Dec 28 2017 10:05:04 GMT-0600 (Central Standard Time (Mexico)): GET /
Thu Dec 28 2017 10:05:04 GMT-0600 (Central Standard Time (Mexico)): GET /favicon.ico
Thu Dec 28 2017 10:29:32 GMT-0600 (Central Standard Time (Mexico)): GET /
Thu Dec 28 2017 10:29:33 GMT-0600 (Central Standard Time (Mexico)): GET /favicon.ico
Thu Dec 28 2017 10:29:53 GMT-0600 (Central Standard Time (Mexico)): GET /
Thu Dec 28 2017 10:29:54 GMT-0600 (Central Standard Time (Mexico)): GET /favicon.ico
Thu Dec 28 2017 10:29:57 GMT-0600 (Central Standard Time (Mexico)): GET /projects
Thu Dec 28 2017 10:29:57 GMT-0600 (Central Standard Time (Mexico)): GET /favicon.ico
Thu Dec 28 2017 10:30:05 GMT-0600 (Central Standard Time (Mexico)): GET /projects
Thu Dec 28 2017 10:30:05 GMT-0600 (Central Standard Time (Mexico)): GET /favicon.ico
Thu Dec 28 2017 10:30:06 GMT-0600 (Central Standard Time (Mexico)): GET /projects
Thu Dec 28 2017 10:30:06 GMT-0600 (Central Standard Time (Mexico)): GET /favicon.ico
Thu Dec 28 2017 10:30:10 GMT-0600 (Central Standard Time (Mexico)): GET /
Thu Dec 28 2017 10:30:10 GMT-0600 (Central Standard Time (Mexico)): GET /favicon.ico
Thu Dec 28 2017 10:30:11 GMT-0600 (Central Standard Time (Mexico)): GET /about
Thu Dec 28 2017 10:30:11 GMT-0600 (Central Standard Time (Mexico)): GET /favicon.ico
Thu Dec 28 2017 10:30:12 GMT-0600 (Central Standard Time (Mexico)): GET /projects
Thu Dec 28 2017 10:30:12 GMT-0600 (Central Standard Time (Mexico)): GET /favicon.ico
Thu Dec 28 2017 10:32:27 GMT-0600 (Central Standard Time (Mexico)): GET /projects
Thu Dec 28 2017 10:32:28 GMT-0600 (Central Standard Time (Mexico)): GET /favicon.ico
Thu Dec 28 2017 10:32:29 GMT-0600 (Central Standard Time (Mexico)): GET /projects
Thu Dec 28 2017 10:32:29 GMT-0600 (Central Standard Time (Mexico)): GET /favicon.ico
Thu Dec 28 2017 10:32:30 GMT-0600 (Central Standard Time (Mexico)): GET /projects
Thu Dec 28 2017 10:32:30 GMT-0600 (Central Standard Time (Mexico)): GET /favicon.ico
Thu Dec 28 2017 10:32:41 GMT-0600 (Central Standard Time (Mexico)): GET /projects
Thu Dec 28 2017 10:32:41 GMT-0600 (Central Standard Time (Mexico)): GET /favicon.ico
Thu Dec 28 2017 10:32:43 GMT-0600 (Central Standard Time (Mexico)): GET /
Thu Dec 28 2017 10:32:43 GMT-0600 (Central Standard Time (Mexico)): GET /favicon.ico
Thu Dec 28 2017 10:32:59 GMT-0600 (Central Standard Time (Mexico)): GET /
Thu Dec 28 2017 10:33:00 GMT-0600 (Central Standard Time (Mexico)): GET /favicon.ico
Thu Dec 28 2017 10:33:03 GMT-0600 (Central Standard Time (Mexico)): GET /projects
Thu Dec 28 2017 10:33:03 GMT-0600 (Central Standard Time (Mexico)): GET /favicon.ico
